2023/08/02 18:12:54:   ------------------------ NUEVO INICIO DE SISTEMA ------------------------
2023/08/02 18:12:54:   Usuario logueado: admin
2023/08/02 18:13:21:   Iniciando chequeo de integridad de archivo...
2023/08/02 18:13:21:   C:/Users/Oficina/Documents/GitHub/ariadna/Exportaciones/Segmentados/01-01 (seg).xlsx
2023/08/02 18:13:22:   Indices correctos.
2023/08/02 18:13:23:   (FECHA INDIVIDUAL) Coherencia comprobada
2023/08/02 18:13:24:   Comprobados campos no nulos
2023/08/02 18:13:25:   Chequeando continuidad de indexados...
2023/08/02 18:13:26:   Los índices del archivo que se intenta subir no son continuos al indexado de la base. Se aborta proceso de inserción ya que generaría problemas de coherencia de índices primarios.
2023/08/02 18:17:27:   Directorios de exportaciones correctos.
2023/08/02 18:17:27:   
2023/08/02 18:17:27:   
2023/08/02 18:17:27:   
2023/08/02 18:17:27:   ------------------------ NUEVO INICIO DE SISTEMA ------------------------
2023/08/02 18:17:27:   Usuario logueado: admin
2023/08/02 18:28:37:   Directorios de exportaciones correctos.
2023/08/02 18:28:37:   
2023/08/02 18:28:37:   
2023/08/02 18:28:37:   
2023/08/02 18:28:37:   ------------------------ NUEVO INICIO DE SISTEMA ------------------------
2023/08/02 18:28:37:   Usuario logueado: admin
2023/08/02 18:28:47:   Directorios de exportaciones correctos.
2023/08/02 18:28:47:   
2023/08/02 18:28:47:   
2023/08/02 18:28:47:   
2023/08/02 18:28:47:   ------------------------ NUEVO INICIO DE SISTEMA ------------------------
2023/08/02 18:28:47:   Usuario logueado: admin
2023/08/02 18:28:53:   Establecida conexión con base.
2023/08/02 18:28:53:   Host: localhost
2023/08/02 18:28:53:   User: root
2023/08/02 18:28:53:   Nombre de la base: delitos
2023/08/02 18:31:32:   Directorios de exportaciones correctos.
2023/08/02 18:31:32:   
2023/08/02 18:31:32:   
2023/08/02 18:31:32:   
2023/08/02 18:31:32:   ------------------------ NUEVO INICIO DE SISTEMA ------------------------
2023/08/02 18:31:32:   Usuario logueado: admin
2023/08/02 18:31:35:   Establecida conexión con base.
2023/08/02 18:31:35:   Host: localhost
2023/08/02 18:31:35:   User: root
2023/08/02 18:31:35:   Nombre de la base: delitos
2023/08/02 18:31:35:   Ultima fecha en base: 31 julio 2023
2023/08/02 18:31:56:   Iniciando chequeo de integridad de archivo...
2023/08/02 18:31:56:   C:/Users/Oficina/Documents/GitHub/ariadna/Exportaciones/Segmentados/01-01 (seg).xlsx
2023/08/02 18:31:58:   Indices correctos.
2023/08/02 18:31:58:   (FECHA INDIVIDUAL) Coherencia comprobada
2023/08/02 18:32:00:   Comprobados campos no nulos
2023/08/02 18:32:01:   Chequeando continuidad de indexados...
2023/08/02 18:32:03:   Los índices del archivo que se intenta subir no son continuos al indexado de la base. Se aborta proceso de inserción ya que generaría problemas de coherencia de índices primarios.
2023/08/02 18:39:08:   Directorios de exportaciones correctos.
2023/08/02 18:39:08:   
2023/08/02 18:39:08:   
2023/08/02 18:39:08:   
2023/08/02 18:39:08:   ------------------------ NUEVO INICIO DE SISTEMA ------------------------
2023/08/02 18:39:08:   Usuario logueado: admin
2023/08/02 18:39:10:   Establecida conexión con base.
2023/08/02 18:39:10:   Host: localhost
2023/08/02 18:39:10:   User: root
2023/08/02 18:39:10:   Nombre de la base: delitos
2023/08/02 18:39:10:   Ultima fecha en base: 31 julio 2023
2023/08/02 18:39:21:   Iniciando chequeo de integridad de archivo...
2023/08/02 18:39:21:   C:/Users/Oficina/Documents/GitHub/ariadna/Exportaciones/Segmentados/01-01 (seg).xlsx
2023/08/02 18:39:23:   CHEQUEO: Indices correctos
2023/08/02 18:39:23:   CHEQUEO: (FECHA INDIVIDUAL) Coherencia comprobada
2023/08/02 18:39:24:   CHEQUEO: Comprobados campos no nulos
2023/08/02 18:39:27:   Preparando inserción en base...
2023/08/02 18:39:27:   Chequeando continuidad de indexados...
2023/08/02 18:39:30:   Los índices del archivo que se intenta subir no son continuos al indexado de la base. Se aborta proceso de inserción ya que generaría problemas de coherencia de índices primarios.
2023/08/02 18:48:37:   Directorios de exportaciones correctos.
2023/08/02 18:48:37:   
2023/08/02 18:48:37:   
2023/08/02 18:48:37:   
2023/08/02 18:48:37:   ------------------------ NUEVO INICIO DE SISTEMA ------------------------
2023/08/02 18:48:37:   Usuario logueado: lucas
2023/08/02 18:50:12:   Directorios de exportaciones correctos.
2023/08/02 18:50:12:   
2023/08/02 18:50:12:   
2023/08/02 18:50:12:   
2023/08/02 18:50:12:   ------------------------ NUEVO INICIO DE SISTEMA ------------------------
2023/08/02 18:50:12:   Usuario logueado: silvina
2023/08/02 18:53:45:   Directorios de exportaciones correctos.
2023/08/02 18:53:45:   
2023/08/02 18:53:45:   
2023/08/02 18:53:45:   
2023/08/02 18:53:45:   ------------------------ NUEVO INICIO DE SISTEMA ------------------------
2023/08/02 18:53:45:   Usuario logueado: silvina
2023/08/02 18:54:12:   
2023/08/02 18:54:12:   
2023/08/02 18:54:12:   
2023/08/02 18:54:12:   ------------------------ NUEVO INICIO DE SISTEMA ------------------------
2023/08/02 18:54:12:   Usuario logueado: silvina
2023/08/02 19:02:45:   
2023/08/02 19:02:45:   
2023/08/02 19:02:45:   
2023/08/02 19:02:45:   ------------------------ NUEVO INICIO DE SISTEMA ------------------------
2023/08/02 19:02:45:   Usuario logueado: simon
2023/08/02 19:03:07:   Listo 01 Enero
2023/08/02 19:03:07:   Listo 02 Febrero
2023/08/02 19:03:07:   Listo 03 Marzo
2023/08/02 19:03:07:   Listo 04 Abril
2023/08/02 19:03:07:   Listo 05 Mayo
2023/08/02 19:03:07:   Listo 06 Junio
2023/08/02 19:03:07:   Listo 07 Julio
2023/08/02 19:03:44:   Listo 01-01.xlsx
2023/08/02 19:03:48:   Listo 02-01.xlsx
2023/08/02 19:03:52:   Listo 03-01.xlsx
2023/08/02 19:03:57:   Listo 04-01.xlsx
2023/08/02 19:03:58:   Se filtraron 2 registros no asignados a fiscalía.
2023/08/02 19:04:01:   Listo 05-01.xlsx
2023/08/02 19:04:05:   Listo 06-01.xlsx
2023/08/02 19:04:08:   Listo 07-01.xlsx
2023/08/02 19:04:11:   Listo 08-01.xlsx
2023/08/02 19:04:16:   Listo 09-01.xlsx
2023/08/02 19:04:20:   Listo 10-01.xlsx
2023/08/02 19:04:24:   Listo 11-01.xlsx
2023/08/02 19:04:28:   Listo 12-01.xlsx
2023/08/02 19:04:32:   Listo 13-01.xlsx
2023/08/02 19:04:36:   Listo 14-01.xlsx
2023/08/02 19:04:39:   Listo 15-01.xlsx
2023/08/02 19:04:44:   Listo 16-01.xlsx
2023/08/02 19:04:46:   Se han eliminado 1 duplicados.
2023/08/02 19:04:48:   Listo 17-01.xlsx
2023/08/02 19:04:52:   Listo 18-01.xlsx
2023/08/02 19:04:56:   Listo 19-01.xlsx
2023/08/02 19:05:00:   Listo 20-01.xlsx
2023/08/02 19:05:01:   Se han eliminado 1 duplicados.
2023/08/02 19:05:03:   Listo 21-01.xlsx
2023/08/02 19:05:07:   Listo 22-01.xlsx
2023/08/02 19:05:09:   Se han eliminado 1 duplicados.
2023/08/02 19:05:11:   Listo 23-01.xlsx
2023/08/02 19:05:14:   Se han eliminado 112 duplicados.
2023/08/02 19:05:15:   Listo 24-01.xlsx
2023/08/02 19:05:20:   Listo 25-01.xlsx
2023/08/02 19:05:24:   Listo 26-01.xlsx
2023/08/02 19:05:26:   Se han eliminado 2 duplicados.
2023/08/02 19:05:28:   Listo 27-01.xlsx
2023/08/02 19:05:31:   Listo 28-01.xlsx
2023/08/02 19:05:35:   Listo 29-01.xlsx
2023/08/02 19:05:39:   Listo 30-01.xlsx
2023/08/02 19:05:43:   Listo 31-01.xlsx
2023/08/02 19:05:43:   (~$24-01.xlsx) Error en etapa de carga del archivo crudo: Excel file format cannot be determined, you must specify an engine manually.
2023/08/02 19:05:43:   Listo ~$24-01.xlsx
2023/08/02 19:06:36:   Preparando 01-01 (ns).xlsx
2023/08/02 19:06:37:   Iniciales:----[1, 1, 1, 1, 1, 1, 1]
2023/08/02 19:06:37:   Finales:-----[1252, 1444, 2, 125, 4, 5, 1570]
2023/08/02 19:06:37:   Siguientes:--[1253, 1445, 3, 126, 5, 6, 1571]
2023/08/02 19:06:37:   Listo 01-01 (ns).xlsx
2023/08/02 19:06:39:   Preparando 02-01 (ns).xlsx
2023/08/02 19:06:41:   Iniciales:----[1253, 1445, 3, 126, 5, 6, 1571]
2023/08/02 19:06:41:   Finales:-----[3241, 3627, 4, 317, 12, 15, 3974]
2023/08/02 19:06:41:   Siguientes:--[3242, 3628, 5, 318, 13, 16, 3975]
2023/08/02 19:06:41:   Listo 02-01 (ns).xlsx
2023/08/02 19:06:42:   Preparando 03-01 (ns).xlsx
2023/08/02 19:06:45:   Iniciales:----[3242, 3628, 5, 318, 13, 16, 3975]
2023/08/02 19:06:45:   Finales:-----[5426, 6053, 10, 593, 24, 26, 6679]
2023/08/02 19:06:45:   Siguientes:--[5427, 6054, 11, 594, 25, 27, 6680]
2023/08/02 19:06:45:   Listo 03-01 (ns).xlsx
2023/08/02 19:06:46:   Preparando 04-01 (ns).xlsx
2023/08/02 19:06:49:   Iniciales:----[5427, 6054, 11, 594, 25, 27, 6680]
2023/08/02 19:06:49:   Finales:-----[7536, 8330, 15, 826, 46, 38, 9251]
2023/08/02 19:06:49:   Siguientes:--[7537, 8331, 16, 827, 47, 39, 9252]
2023/08/02 19:06:49:   Listo 04-01 (ns).xlsx
2023/08/02 19:06:50:   Preparando 05-01 (ns).xlsx
2023/08/02 19:06:53:   Iniciales:----[7537, 8331, 16, 827, 47, 39, 9252]
2023/08/02 19:06:53:   Finales:-----[9624, 10601, 18, 1084, 57, 45, 11742]
2023/08/02 19:06:53:   Siguientes:--[9625, 10602, 19, 1085, 58, 46, 11743]
2023/08/02 19:06:53:   Listo 05-01 (ns).xlsx
2023/08/02 19:06:54:   Preparando 06-01 (ns).xlsx
2023/08/02 19:06:56:   Iniciales:----[9625, 10602, 19, 1085, 58, 46, 11743]
2023/08/02 19:06:56:   Finales:-----[11561, 12713, 22, 1329, 77, 65, 14015]
2023/08/02 19:06:56:   Siguientes:--[11562, 12714, 23, 1330, 78, 66, 14016]
2023/08/02 19:06:56:   Listo 06-01 (ns).xlsx
2023/08/02 19:06:57:   Preparando 07-01 (ns).xlsx
2023/08/02 19:07:00:   Iniciales:----[11562, 12714, 23, 1330, 78, 66, 14016]
2023/08/02 19:07:00:   Finales:-----[13389, 14749, 25, 1581, 106, 79, 16220]
2023/08/02 19:07:00:   Siguientes:--[13390, 14750, 26, 1582, 107, 80, 16221]
2023/08/02 19:07:00:   Listo 07-01 (ns).xlsx
2023/08/02 19:07:01:   Preparando 08-01 (ns).xlsx
2023/08/02 19:07:03:   Iniciales:----[13390, 14750, 26, 1582, 107, 80, 16221]
2023/08/02 19:07:03:   Finales:-----[14909, 16462, 27, 1775, 117, 87, 18002]
2023/08/02 19:07:03:   Siguientes:--[14910, 16463, 28, 1776, 118, 88, 18003]
2023/08/02 19:07:03:   Listo 08-01 (ns).xlsx
2023/08/02 19:07:04:   Preparando 09-01 (ns).xlsx
2023/08/02 19:07:08:   Iniciales:----[14910, 16463, 28, 1776, 118, 88, 18003]
2023/08/02 19:07:08:   Finales:-----[17028, 18801, 32, 2022, 139, 98, 20608]
2023/08/02 19:07:08:   Siguientes:--[17029, 18802, 33, 2023, 140, 99, 20609]
2023/08/02 19:07:08:   Listo 09-01 (ns).xlsx
2023/08/02 19:07:11:   Preparando 10-01 (ns).xlsx
2023/08/02 19:07:13:   Iniciales:----[17029, 18802, 33, 2023, 140, 99, 20609]
2023/08/02 19:07:13:   Finales:-----[19102, 21074, 38, 2261, 163, 107, 23150]
2023/08/02 19:07:13:   Siguientes:--[19103, 21075, 39, 2262, 164, 108, 23151]
2023/08/02 19:07:13:   Listo 10-01 (ns).xlsx
2023/08/02 19:07:15:   Preparando 11-01 (ns).xlsx
2023/08/02 19:07:17:   Iniciales:----[19103, 21075, 39, 2262, 164, 108, 23151]
2023/08/02 19:07:17:   Finales:-----[21218, 23373, 40, 2491, 182, 120, 25724]
2023/08/02 19:07:17:   Siguientes:--[21219, 23374, 41, 2492, 183, 121, 25725]
2023/08/02 19:07:17:   Listo 11-01 (ns).xlsx
2023/08/02 19:07:19:   Preparando 12-01 (ns).xlsx
2023/08/02 19:07:21:   Iniciales:----[21219, 23374, 41, 2492, 183, 121, 25725]
2023/08/02 19:07:21:   Finales:-----[23262, 25615, 43, 2704, 194, 132, 28208]
2023/08/02 19:07:21:   Siguientes:--[23263, 25616, 44, 2705, 195, 133, 28209]
2023/08/02 19:07:21:   Listo 12-01 (ns).xlsx
2023/08/02 19:07:23:   Preparando 13-01 (ns).xlsx
2023/08/02 19:07:25:   Iniciales:----[23263, 25616, 44, 2705, 195, 133, 28209]
2023/08/02 19:07:25:   Finales:-----[25383, 27930, 49, 2943, 206, 145, 30708]
2023/08/02 19:07:25:   Siguientes:--[25384, 27931, 50, 2944, 207, 146, 30709]
2023/08/02 19:07:25:   Listo 13-01 (ns).xlsx
2023/08/02 19:07:26:   Preparando 14-01 (ns).xlsx
2023/08/02 19:07:29:   Iniciales:----[25384, 27931, 50, 2944, 207, 146, 30709]
2023/08/02 19:07:29:   Finales:-----[27167, 29908, 53, 3174, 215, 156, 32934]
2023/08/02 19:07:29:   Siguientes:--[27168, 29909, 54, 3175, 216, 157, 32935]
2023/08/02 19:07:29:   Listo 14-01 (ns).xlsx
2023/08/02 19:07:30:   Preparando 15-01 (ns).xlsx
2023/08/02 19:07:32:   Iniciales:----[27168, 29909, 54, 3175, 216, 157, 32935]
2023/08/02 19:07:32:   Finales:-----[28718, 31648, 54, 3358, 226, 165, 34827]
2023/08/02 19:07:32:   Siguientes:--[28719, 31649, 55, 3359, 227, 166, 34828]
2023/08/02 19:07:32:   Listo 15-01 (ns).xlsx
2023/08/02 19:07:34:   Preparando 16-01 (ns).xlsx
2023/08/02 19:07:38:   Iniciales:----[28719, 31649, 55, 3359, 227, 166, 34828]
2023/08/02 19:07:38:   Finales:-----[30955, 34113, 57, 3581, 244, 180, 37486]
2023/08/02 19:07:38:   Siguientes:--[30956, 34114, 58, 3582, 245, 181, 37487]
2023/08/02 19:07:38:   Listo 16-01 (ns).xlsx
2023/08/02 19:07:41:   Preparando 17-01 (ns).xlsx
2023/08/02 19:07:45:   Iniciales:----[30956, 34114, 58, 3582, 245, 181, 37487]
2023/08/02 19:07:45:   Finales:-----[33022, 36354, 66, 3806, 266, 199, 39967]
2023/08/02 19:07:45:   Siguientes:--[33023, 36355, 67, 3807, 267, 200, 39968]
2023/08/02 19:07:45:   Listo 17-01 (ns).xlsx
2023/08/02 19:07:46:   Preparando 18-01 (ns).xlsx
2023/08/02 19:07:49:   Iniciales:----[33023, 36355, 67, 3807, 267, 200, 39968]
2023/08/02 19:07:49:   Finales:-----[35045, 38571, 71, 4033, 290, 212, 42433]
2023/08/02 19:07:49:   Siguientes:--[35046, 38572, 72, 4034, 291, 213, 42434]
2023/08/02 19:07:49:   Listo 18-01 (ns).xlsx
2023/08/02 19:07:50:   Preparando 19-01 (ns).xlsx
2023/08/02 19:07:53:   Iniciales:----[35046, 38572, 72, 4034, 291, 213, 42434]
2023/08/02 19:07:53:   Finales:-----[37159, 40867, 77, 4283, 299, 226, 44938]
2023/08/02 19:07:53:   Siguientes:--[37160, 40868, 78, 4284, 300, 227, 44939]
2023/08/02 19:07:53:   Listo 19-01 (ns).xlsx
2023/08/02 19:07:55:   Preparando 20-01 (ns).xlsx
2023/08/02 19:07:57:   Iniciales:----[37160, 40868, 78, 4284, 300, 227, 44939]
2023/08/02 19:07:57:   Finales:-----[39092, 42987, 84, 4499, 319, 235, 47222]
2023/08/02 19:07:57:   Siguientes:--[39093, 42988, 85, 4500, 320, 236, 47223]
2023/08/02 19:07:57:   Listo 20-01 (ns).xlsx
2023/08/02 19:07:58:   Preparando 21-01 (ns).xlsx
2023/08/02 19:08:00:   Iniciales:----[39093, 42988, 85, 4500, 320, 236, 47223]
2023/08/02 19:08:00:   Finales:-----[40836, 44930, 88, 4731, 326, 271, 49314]
2023/08/02 19:08:00:   Siguientes:--[40837, 44931, 89, 4732, 327, 272, 49315]
2023/08/02 19:08:00:   Listo 21-01 (ns).xlsx
2023/08/02 19:08:02:   Preparando 22-01 (ns).xlsx
2023/08/02 19:08:04:   Iniciales:----[40837, 44931, 89, 4732, 327, 272, 49315]
2023/08/02 19:08:04:   Finales:-----[42608, 46918, 92, 4942, 339, 281, 51488]
2023/08/02 19:08:04:   Siguientes:--[42609, 46919, 93, 4943, 340, 282, 51489]
2023/08/02 19:08:04:   Listo 22-01 (ns).xlsx
2023/08/02 19:08:05:   Preparando 23-01 (ns).xlsx
2023/08/02 19:08:08:   Iniciales:----[42609, 46919, 93, 4943, 340, 282, 51489]
2023/08/02 19:08:08:   Finales:-----[44933, 49442, 97, 5182, 349, 293, 54223]
2023/08/02 19:08:08:   Siguientes:--[44934, 49443, 98, 5183, 350, 294, 54224]
2023/08/02 19:08:08:   Listo 23-01 (ns).xlsx
2023/08/02 19:08:09:   Preparando 24-01 (ns).xlsx
2023/08/02 19:08:12:   Iniciales:----[44934, 49443, 98, 5183, 350, 294, 54224]
2023/08/02 19:08:12:   Finales:-----[47011, 51714, 102, 5406, 359, 304, 56770]
2023/08/02 19:08:12:   Siguientes:--[47012, 51715, 103, 5407, 360, 305, 56771]
2023/08/02 19:08:12:   Listo 24-01 (ns).xlsx
2023/08/02 19:08:13:   Preparando 25-01 (ns).xlsx
2023/08/02 19:08:16:   Iniciales:----[47012, 51715, 103, 5407, 360, 305, 56771]
2023/08/02 19:08:16:   Finales:-----[49093, 54011, 109, 5655, 379, 321, 59284]
2023/08/02 19:08:16:   Siguientes:--[49094, 54012, 110, 5656, 380, 322, 59285]
2023/08/02 19:08:16:   Listo 25-01 (ns).xlsx
2023/08/02 19:08:17:   Preparando 26-01 (ns).xlsx
2023/08/02 19:08:20:   Iniciales:----[49094, 54012, 110, 5656, 380, 322, 59285]
2023/08/02 19:08:20:   Finales:-----[51217, 56354, 113, 5908, 404, 337, 61780]
2023/08/02 19:08:20:   Siguientes:--[51218, 56355, 114, 5909, 405, 338, 61781]
2023/08/02 19:08:20:   Listo 26-01 (ns).xlsx
2023/08/02 19:08:21:   Preparando 27-01 (ns).xlsx
2023/08/02 19:08:23:   Iniciales:----[51218, 56355, 114, 5909, 405, 338, 61781]
2023/08/02 19:08:23:   Finales:-----[53199, 58528, 114, 6144, 409, 354, 64190]
2023/08/02 19:08:23:   Siguientes:--[53200, 58529, 115, 6145, 410, 355, 64191]
2023/08/02 19:08:23:   Listo 27-01 (ns).xlsx
2023/08/02 19:08:24:   Preparando 28-01 (ns).xlsx
2023/08/02 19:08:27:   Iniciales:----[53200, 58529, 115, 6145, 410, 355, 64191]
2023/08/02 19:08:27:   Finales:-----[55032, 60565, 118, 6358, 433, 363, 66430]
2023/08/02 19:08:27:   Siguientes:--[55033, 60566, 119, 6359, 434, 364, 66431]
2023/08/02 19:08:27:   Listo 28-01 (ns).xlsx
2023/08/02 19:08:28:   Preparando 29-01 (ns).xlsx
2023/08/02 19:08:30:   Iniciales:----[55033, 60566, 119, 6359, 434, 364, 66431]
2023/08/02 19:08:30:   Finales:-----[56833, 62594, 122, 6587, 443, 376, 68641]
2023/08/02 19:08:30:   Siguientes:--[56834, 62595, 123, 6588, 444, 377, 68642]
2023/08/02 19:08:30:   Listo 29-01 (ns).xlsx
2023/08/02 19:08:31:   Preparando 30-01 (ns).xlsx
2023/08/02 19:08:34:   Iniciales:----[56834, 62595, 123, 6588, 444, 377, 68642]
2023/08/02 19:08:34:   Finales:-----[59090, 65039, 129, 6823, 461, 389, 71285]
2023/08/02 19:08:34:   Siguientes:--[59091, 65040, 130, 6824, 462, 390, 71286]
2023/08/02 19:08:34:   Listo 30-01 (ns).xlsx
2023/08/02 19:08:35:   Preparando 31-01 (ns).xlsx
2023/08/02 19:08:38:   Iniciales:----[59091, 65040, 130, 6824, 462, 390, 71286]
2023/08/02 19:08:38:   Finales:-----[61050, 67187, 133, 7073, 469, 407, 73615]
2023/08/02 19:08:38:   Siguientes:--[61051, 67188, 134, 7074, 470, 408, 73616]
2023/08/02 19:08:38:   Listo 31-01 (ns).xlsx
